<?xml version="1.0" encoding="UTF-8"?>
<testng-results skipped="0" failed="1" ignored="0" total="4" passed="3">
  <reporter-output>
  </reporter-output>
  <suite name="Suite" duration-ms="103049" started-at="2020-06-10T18:06:56 IST" finished-at="2020-06-10T18:08:39 IST">
    <groups>
    </groups>
    <test name="homePageTest" duration-ms="59018" started-at="2020-06-10T18:06:56 IST" finished-at="2020-06-10T18:07:55 IST">
      <class name="framework.frameworkbuilding.HomePage">
        <test-method status="PASS" signature="initialize()[pri:0, instance:framework.frameworkbuilding.HomePage@6f1de4c7]" name="initialize" is-config="true" duration-ms="14394" started-at="2020-06-10T18:06:56 IST" finished-at="2020-06-10T18:07:10 IST">
          <reporter-output>
          </reporter-output>
        </test-method> <!-- initialize -->
        <test-method status="PASS" signature="basePageNavigation(java.lang.String, java.lang.String)[pri:0, instance:framework.frameworkbuilding.HomePage@6f1de4c7]" name="basePageNavigation" duration-ms="22359" started-at="2020-06-10T18:07:10 IST" data-provider="getData" finished-at="2020-06-10T18:07:33 IST">
          <params>
            <param index="0">
              <value>
                <![CDATA[vandan@gmail.com]]>
              </value>
            </param>
            <param index="1">
              <value>
                <![CDATA[password]]>
              </value>
            </param>
          </params>
          <reporter-output>
          </reporter-output>
        </test-method> <!-- basePageNavigation -->
        <test-method status="PASS" signature="basePageNavigation(java.lang.String, java.lang.String)[pri:0, instance:framework.frameworkbuilding.HomePage@6f1de4c7]" name="basePageNavigation" duration-ms="7969" started-at="2020-06-10T18:07:33 IST" data-provider="getData" finished-at="2020-06-10T18:07:41 IST">
          <params>
            <param index="0">
              <value>
                <![CDATA[mishra@gmail.com]]>
              </value>
            </param>
            <param index="1">
              <value>
                <![CDATA[passwordmishra]]>
              </value>
            </param>
          </params>
          <reporter-output>
          </reporter-output>
        </test-method> <!-- basePageNavigation -->
        <test-method status="PASS" signature="closeDriver()[pri:0, instance:framework.frameworkbuilding.HomePage@6f1de4c7]" name="closeDriver" is-config="true" duration-ms="14194" started-at="2020-06-10T18:07:41 IST" finished-at="2020-06-10T18:07:55 IST">
          <reporter-output>
          </reporter-output>
        </test-method> <!-- closeDriver -->
      </class> <!-- framework.frameworkbuilding.HomePage -->
    </test> <!-- homePageTest -->
    <test name="verifyTitle" duration-ms="23449" started-at="2020-06-10T18:07:56 IST" finished-at="2020-06-10T18:08:19 IST">
      <class name="framework.frameworkbuilding.VerifyTitle">
        <test-method status="PASS" signature="initialize()[pri:0, instance:framework.frameworkbuilding.VerifyTitle@618b19ad]" name="initialize" is-config="true" duration-ms="13622" started-at="2020-06-10T18:07:56 IST" finished-at="2020-06-10T18:08:09 IST">
          <reporter-output>
          </reporter-output>
        </test-method> <!-- initialize -->
        <test-method status="FAIL" signature="getHeadingOfCourses()[pri:0, instance:framework.frameworkbuilding.VerifyTitle@618b19ad]" name="getHeadingOfCourses" duration-ms="58" started-at="2020-06-10T18:08:09 IST" finished-at="2020-06-10T18:08:09 IST">
          <exception class="java.lang.AssertionError">
            <message>
              <![CDATA[expected [FEATURE COURSES] but found [FEATURED COURSES]]]>
            </message>
            <full-stacktrace>
              <![CDATA[java.lang.AssertionError: expected [FEATURE COURSES] but found [FEATURED COURSES]
at org.testng.Assert.fail(Assert.java:97)
at org.testng.Assert.assertEqualsImpl(Assert.java:136)
at org.testng.Assert.assertEquals(Assert.java:118)
at org.testng.Assert.assertEquals(Assert.java:575)
at org.testng.Assert.assertEquals(Assert.java:585)
at framework.frameworkbuilding.VerifyTitle.getHeadingOfCourses(VerifyTitle.java:31)
at sun.reflect.NativeMethodAccessorImpl.invoke0(Native Method)
at sun.reflect.NativeMethodAccessorImpl.invoke(NativeMethodAccessorImpl.java:62)
at sun.reflect.DelegatingMethodAccessorImpl.invoke(DelegatingMethodAccessorImpl.java:43)
at java.lang.reflect.Method.invoke(Method.java:483)
at org.testng.internal.MethodInvocationHelper.invokeMethod(MethodInvocationHelper.java:134)
at org.testng.internal.TestInvoker.invokeMethod(TestInvoker.java:597)
at org.testng.internal.TestInvoker.invokeTestMethod(TestInvoker.java:173)
at org.testng.internal.MethodRunner.runInSequence(MethodRunner.java:46)
at org.testng.internal.TestInvoker$MethodInvocationAgent.invoke(TestInvoker.java:816)
at org.testng.internal.TestInvoker.invokeTestMethods(TestInvoker.java:146)
at org.testng.internal.TestMethodWorker.invokeTestMethods(TestMethodWorker.java:146)
at org.testng.internal.TestMethodWorker.run(TestMethodWorker.java:128)
at org.testng.TestRunner$$Lambda$293/1241938981.accept(Unknown Source)
at java.util.ArrayList.forEach(ArrayList.java:1234)
at org.testng.TestRunner.privateRun(TestRunner.java:766)
at org.testng.TestRunner.run(TestRunner.java:587)
at org.testng.SuiteRunner.runTest(SuiteRunner.java:384)
at org.testng.SuiteRunner.runSequentially(SuiteRunner.java:378)
at org.testng.SuiteRunner.privateRun(SuiteRunner.java:337)
at org.testng.SuiteRunner.run(SuiteRunner.java:286)
at org.testng.SuiteRunnerWorker.runSuite(SuiteRunnerWorker.java:53)
at org.testng.SuiteRunnerWorker.run(SuiteRunnerWorker.java:96)
at org.testng.TestNG.runSuitesSequentially(TestNG.java:1187)
at org.testng.TestNG.runSuitesLocally(TestNG.java:1109)
at org.testng.TestNG.runSuites(TestNG.java:1039)
at org.testng.TestNG.run(TestNG.java:1007)
at org.testng.remote.AbstractRemoteTestNG.run(AbstractRemoteTestNG.java:115)
at org.testng.remote.RemoteTestNG.initAndRun(RemoteTestNG.java:251)
at org.testng.remote.RemoteTestNG.main(RemoteTestNG.java:77)
]]>
            </full-stacktrace>
          </exception> <!-- java.lang.AssertionError -->
          <reporter-output>
          </reporter-output>
        </test-method> <!-- getHeadingOfCourses -->
        <test-method status="PASS" signature="closeDriver()[pri:0, instance:framework.frameworkbuilding.VerifyTitle@618b19ad]" name="closeDriver" is-config="true" duration-ms="8525" started-at="2020-06-10T18:08:11 IST" finished-at="2020-06-10T18:08:19 IST">
          <reporter-output>
          </reporter-output>
        </test-method> <!-- closeDriver -->
      </class> <!-- framework.frameworkbuilding.VerifyTitle -->
    </test> <!-- verifyTitle -->
    <test name="verifyMenuBar" duration-ms="19885" started-at="2020-06-10T18:08:19 IST" finished-at="2020-06-10T18:08:39 IST">
      <class name="framework.frameworkbuilding.MenuBarPresent">
        <test-method status="PASS" signature="initialize()[pri:0, instance:framework.frameworkbuilding.MenuBarPresent@2b71e916]" name="initialize" is-config="true" duration-ms="12542" started-at="2020-06-10T18:08:19 IST" finished-at="2020-06-10T18:08:32 IST">
          <reporter-output>
          </reporter-output>
        </test-method> <!-- initialize -->
        <test-method status="PASS" signature="isPresentMenuBar()[pri:0, instance:framework.frameworkbuilding.MenuBarPresent@2b71e916]" name="isPresentMenuBar" duration-ms="252" started-at="2020-06-10T18:08:32 IST" finished-at="2020-06-10T18:08:32 IST">
          <reporter-output>
          </reporter-output>
        </test-method> <!-- isPresentMenuBar -->
        <test-method status="PASS" signature="closeDriver()[pri:0, instance:framework.frameworkbuilding.MenuBarPresent@2b71e916]" name="closeDriver" is-config="true" duration-ms="7087" started-at="2020-06-10T18:08:32 IST" finished-at="2020-06-10T18:08:39 IST">
          <reporter-output>
          </reporter-output>
        </test-method> <!-- closeDriver -->
      </class> <!-- framework.frameworkbuilding.MenuBarPresent -->
    </test> <!-- verifyMenuBar -->
  </suite> <!-- Suite -->
</testng-results>
